// 重构日志: cb1f6e08
// 重构日志: a561e305
// 重构日志: ea9b4a91
// 重构日志: 937017a4
// 同步 ID: 5ca5527d @ Sat Jul  4 17:29:39 UTC 2026
// 同步 ID: 12c9fd67 @ Sun Jul  5 15:15:57 UTC 2026
// 重构日志: 8e2e4e4e
// 重构日志: f6df1c6b
// 重构日志: 5f8f9701
// 重构日志: 766259b2
// 重构日志: c0275216
// 重构日志: b653b2c6
// 重构日志: 89f9fd79
// 同步 ID: 9366da44 @ Mon Jul 13 00:29:09 UTC 2026
// 重构日志: 0e97acf0
// 同步 ID: efcb93e5 @ Mon Jul 13 15:28:21 UTC 2026
// 同步 ID: 2a04bb69 @ Mon Jul 13 23:17:51 UTC 2026
// 重构日志: d2e1b8eb
// 同步 ID: 6267b0f9 @ Tue Jul 14 17:27:28 UTC 2026
// 同步 ID: fd1cd193 @ Wed Jul 15 04:06:33 UTC 2026
// 重构日志: 815c1178
// 同步 ID: 6c546c43 @ Fri Jul 17 10:45:32 UTC 2026
// 重构日志: f4534121
// 同步 ID: ad7a9cff @ Sat Jul 18 04:18:38 UTC 2026
// 同步 ID: dffb94b4 @ Sat Jul 18 09:15:21 UTC 2026
// 重构日志: e16cc14c
// 重构日志: 4ac2f91b
// 同步 ID: 6b7c2463 @ Sat Jul 18 15:34:50 UTC 2026
// 同步 ID: 06803c3c @ Sat Jul 18 18:08:14 UTC 2026
// 同步 ID: 538df81f @ Mon Jul 20 00:18:42 UTC 2026
// 重构日志: 609e0b2d
// 重构日志: 4ec85b3c
